<?xml version="1.0" encoding="UTF-8"?>
<!-- Generated by org.testng.reporters.JUnitReportReporter -->
<testsuite skipped="0" hostname="LAPTOP-F8C47SGU" name="SanityTestCases.SpotifyMobile" tests="6" failures="0" timestamp="2021-01-25T11:12:03 IST" time="100.955" errors="0">
  <testcase name="test05_removeSongsFromFavorites" time="18.078" classname="SanityTestCases.SpotifyMobile"/>
  <testcase name="test01_login" time="11.429" classname="SanityTestCases.SpotifyMobile"/>
  <testcase name="test03_pausePlayingSong" time="10.117" classname="SanityTestCases.SpotifyMobile"/>
  <testcase name="test02_searchSongAndPlayIt" time="12.079" classname="SanityTestCases.SpotifyMobile"/>
  <testcase name="test04_addSongToFavoritesFromPlayer" time="17.462" classname="SanityTestCases.SpotifyMobile"/>
  <testcase name="test06_logout" time="31.790" classname="SanityTestCases.SpotifyMobile"/>
</testsuite> <!-- SanityTestCases.SpotifyMobile -->
