<?xml version="1.0" encoding="UTF-8"?>
<!-- Generated by org.testng.reporters.JUnitReportReporter -->
<testsuite skipped="0" hostname="LAPTOP-F8C47SGU" name="SanityTestCases.StudentsAPI" tests="4" failures="0" timestamp="2020-10-04T10:17:34 IDT" time="3.283" errors="0">
  <testcase name="test_04_deleteStudent" time="0.079" classname="SanityTestCases.StudentsAPI"/>
  <testcase name="test_01_GetStudents" time="2.690" classname="SanityTestCases.StudentsAPI"/>
  <testcase name="test_03_updateStudent" time="0.185" classname="SanityTestCases.StudentsAPI"/>
  <testcase name="test_02_AddStudent" time="0.329" classname="SanityTestCases.StudentsAPI"/>
</testsuite> <!-- SanityTestCases.StudentsAPI -->
