<?xml version="1.0" encoding="UTF-8"?>
<!-- Generated by org.testng.reporters.JUnitReportReporter -->
<testsuite skipped="0" hostname="LAPTOP-F8C47SGU" name="SanityTestCases.saucedemoWeb" tests="6" failures="0" timestamp="2021-01-25T11:05:28 IST" time="17.761" errors="0">
  <testcase name="test02_sortProductsByLowToHigh" time="1.352" classname="SanityTestCases.saucedemoWeb"/>
  <testcase name="test05_logout" time="1.147" classname="SanityTestCases.saucedemoWeb"/>
  <testcase name="test03_addItemToChart" time="0.971" classname="SanityTestCases.saucedemoWeb"/>
  <testcase name="test01_login" time="2.509" classname="SanityTestCases.saucedemoWeb"/>
  <testcase name="test04_addItemAndRemoveItFromCartPage" time="10.695" classname="SanityTestCases.saucedemoWeb"/>
  <testcase name="test06_verifyRobotImage" time="1.087" classname="SanityTestCases.saucedemoWeb"/>
</testsuite> <!-- SanityTestCases.saucedemoWeb -->
