<?xml version="1.0" encoding="UTF-8"?>
<!-- Generated by org.testng.reporters.JUnitReportReporter -->
<testsuite skipped="0" hostname="LAPTOP-F8C47SGU" name="SanityTestCases.StudentsAPI" tests="4" failures="0" timestamp="2021-01-25T11:12:21 IST" time="2.988" errors="0">
  <testcase name="test_01_GetStudents" time="2.184" classname="SanityTestCases.StudentsAPI"/>
  <testcase name="test_04_deleteStudent" time="0.138" classname="SanityTestCases.StudentsAPI"/>
  <testcase name="test_02_AddStudent" time="0.406" classname="SanityTestCases.StudentsAPI"/>
  <testcase name="test_03_updateStudent" time="0.260" classname="SanityTestCases.StudentsAPI"/>
</testsuite> <!-- SanityTestCases.StudentsAPI -->
