<?xml version="1.0" encoding="UTF-8"?>
<!-- Generated by org.testng.reporters.JUnitReportReporter -->
<testsuite skipped="0" hostname="LAPTOP-F8C47SGU" name="SanityTestCases.TodolistElectron" tests="5" failures="0" timestamp="2021-01-25T11:12:51 IST" time="5.448" errors="0">
  <testcase name="test01_AddNewTask" time="0.878" classname="SanityTestCases.TodolistElectron"/>
  <testcase name="test05_deleteTaskFromTheList" time="1.237" classname="SanityTestCases.TodolistElectron"/>
  <testcase name="test02_AddNewTask" time="0.910" classname="SanityTestCases.TodolistElectron"/>
  <testcase name="test04_markAllTaskAsCompleted" time="1.116" classname="SanityTestCases.TodolistElectron"/>
  <testcase name="test03_markTaskAsCompleted" time="1.307" classname="SanityTestCases.TodolistElectron"/>
</testsuite> <!-- SanityTestCases.TodolistElectron -->
