<?xml version="1.0" encoding="UTF-8"?>
<!-- Generated by org.testng.reporters.JUnitReportReporter -->
<testsuite skipped="0" hostname="LAPTOP-F8C47SGU" name="SanityTestCases.SpotifyMobile" tests="6" failures="0" timestamp="2020-10-04T10:16:01 IDT" time="103.602" errors="0">
  <testcase name="test06_logout" time="31.976" classname="SanityTestCases.SpotifyMobile"/>
  <testcase name="test05_removeSongsFromFavorites" time="19.969" classname="SanityTestCases.SpotifyMobile"/>
  <testcase name="test02_searchSongAndPlayIt" time="11.277" classname="SanityTestCases.SpotifyMobile"/>
  <testcase name="test03_pausePlayingSong" time="10.255" classname="SanityTestCases.SpotifyMobile"/>
  <testcase name="test01_login" time="10.742" classname="SanityTestCases.SpotifyMobile"/>
  <testcase name="test04_addSongToFavoritesFromPlayer" time="19.383" classname="SanityTestCases.SpotifyMobile"/>
</testsuite> <!-- SanityTestCases.SpotifyMobile -->
