<?xml version="1.0" encoding="UTF-8"?>
<!-- Generated by org.testng.reporters.JUnitReportReporter -->
<testsuite skipped="0" hostname="LAPTOP-F8C47SGU" name="SanityTestCases.saucedemoWeb" tests="6" failures="0" timestamp="2020-09-30T10:04:13 IDT" time="18.438" errors="0">
  <testcase name="test05_logout" time="1.600" classname="SanityTestCases.saucedemoWeb"/>
  <testcase name="test01_login" time="3.165" classname="SanityTestCases.saucedemoWeb"/>
  <testcase name="test04_addItemAndRemoveItFromCartPage" time="10.743" classname="SanityTestCases.saucedemoWeb"/>
  <testcase name="test02_sortProductsByLowToHigh" time="0.954" classname="SanityTestCases.saucedemoWeb"/>
  <testcase name="test06_verifyRobotImage" time="1.142" classname="SanityTestCases.saucedemoWeb"/>
  <testcase name="test03_addItemToChart" time="0.834" classname="SanityTestCases.saucedemoWeb"/>
</testsuite> <!-- SanityTestCases.saucedemoWeb -->
