<?xml version="1.0" encoding="UTF-8"?>
<!-- Generated by org.testng.reporters.JUnitReportReporter -->
<testsuite skipped="0" hostname="LAPTOP-F8C47SGU" name="SanityTestCases.saucedemoWeb" tests="6" failures="0" timestamp="2020-10-04T10:11:23 IDT" time="18.652" errors="0">
  <testcase name="test03_addItemToChart" time="0.803" classname="SanityTestCases.saucedemoWeb"/>
  <testcase name="test05_logout" time="0.722" classname="SanityTestCases.saucedemoWeb"/>
  <testcase name="test06_verifyRobotImage" time="1.146" classname="SanityTestCases.saucedemoWeb"/>
  <testcase name="test01_login" time="4.343" classname="SanityTestCases.saucedemoWeb"/>
  <testcase name="test04_addItemAndRemoveItFromCartPage" time="10.637" classname="SanityTestCases.saucedemoWeb"/>
  <testcase name="test02_sortProductsByLowToHigh" time="1.001" classname="SanityTestCases.saucedemoWeb"/>
</testsuite> <!-- SanityTestCases.saucedemoWeb -->
