<?xml version="1.0" encoding="UTF-8"?>
<!-- Generated by org.testng.reporters.JUnitReportReporter -->
<testsuite skipped="0" hostname="LAPTOP-F8C47SGU" name="SanityTestCases.TodolistElectron" tests="5" failures="0" timestamp="2020-10-04T10:18:59 IDT" time="5.673" errors="0">
  <testcase name="test03_markTaskAsCompleted" time="1.394" classname="SanityTestCases.TodolistElectron"/>
  <testcase name="test04_markAllTaskAsCompleted" time="1.469" classname="SanityTestCases.TodolistElectron"/>
  <testcase name="test01_AddNewTask" time="0.536" classname="SanityTestCases.TodolistElectron"/>
  <testcase name="test02_AddNewTask" time="0.950" classname="SanityTestCases.TodolistElectron"/>
  <testcase name="test05_deleteTaskFromTheList" time="1.324" classname="SanityTestCases.TodolistElectron"/>
</testsuite> <!-- SanityTestCases.TodolistElectron -->
